Determining if the pthread_create exist failed with the following output:
Change Dir: /home/ubuntu/Downloads/opencv_qr/CMakeFiles/CMakeTmp

Run Build Command:"/usr/bin/make" "cmTC_38df1/fast"
/usr/bin/make -f CMakeFiles/cmTC_38df1.dir/build.make CMakeFiles/cmTC_38df1.dir/build
make[1]: Entering directory '/home/ubuntu/Downloads/opencv_qr/CMakeFiles/CMakeTmp'
Building C object CMakeFiles/cmTC_38df1.dir/CheckSymbolExists.c.o
/usr/bin/cc    -fPIC    -o CMakeFiles/cmTC_38df1.dir/CheckSymbolExists.c.o   -c /home/ubuntu/Downloads/opencv_qr/CMakeFiles/CMakeTmp/CheckSymbolExists.c
Linking C executable cmTC_38df1
/usr/local/bin/cmake -E cmake_link_script CMakeFiles/cmTC_38df1.dir/link.txt --verbose=1
/usr/bin/cc  -fPIC     CMakeFiles/cmTC_38df1.dir/CheckSymbolExists.c.o  -o cmTC_38df1 -rdynamic 
CMakeFiles/cmTC_38df1.dir/CheckSymbolExists.c.o: In function `main':
CheckSymbolExists.c:(.text+0x14): undefined reference to `pthread_create'
CheckSymbolExists.c:(.text+0x18): undefined reference to `pthread_create'
collect2: error: ld returned 1 exit status
CMakeFiles/cmTC_38df1.dir/build.make:97: recipe for target 'cmTC_38df1' failed
make[1]: *** [cmTC_38df1] Error 1
make[1]: Leaving directory '/home/ubuntu/Downloads/opencv_qr/CMakeFiles/CMakeTmp'
Makefile:126: recipe for target 'cmTC_38df1/fast' failed
make: *** [cmTC_38df1/fast] Error 2

File /home/ubuntu/Downloads/opencv_qr/CMakeFiles/CMakeTmp/CheckSymbolExists.c:
/* */
#include <pthread.h>

int main(int argc, char** argv)
{
  (void)argv;
#ifndef pthread_create
  return ((int*)(&pthread_create))[argc];
#else
  (void)argc;
  return 0;
#endif
}

Determining if the function pthread_create exists in the pthreads failed with the following output:
Change Dir: /home/ubuntu/Downloads/opencv_qr/CMakeFiles/CMakeTmp

Run Build Command:"/usr/bin/make" "cmTC_260d6/fast"
/usr/bin/make -f CMakeFiles/cmTC_260d6.dir/build.make CMakeFiles/cmTC_260d6.dir/build
make[1]: Entering directory '/home/ubuntu/Downloads/opencv_qr/CMakeFiles/CMakeTmp'
Building C object CMakeFiles/cmTC_260d6.dir/CheckFunctionExists.c.o
/usr/bin/cc    -fPIC -DCHECK_FUNCTION_EXISTS=pthread_create   -o CMakeFiles/cmTC_260d6.dir/CheckFunctionExists.c.o   -c /usr/local/share/cmake-3.6/Modules/CheckFunctionExists.c
Linking C executable cmTC_260d6
/usr/local/bin/cmake -E cmake_link_script CMakeFiles/cmTC_260d6.dir/link.txt --verbose=1
/usr/bin/cc  -fPIC -DCHECK_FUNCTION_EXISTS=pthread_create    CMakeFiles/cmTC_260d6.dir/CheckFunctionExists.c.o  -o cmTC_260d6 -rdynamic -lpthreads 
/usr/bin/ld: cannot find -lpthreads
collect2: error: ld returned 1 exit status
CMakeFiles/cmTC_260d6.dir/build.make:97: recipe for target 'cmTC_260d6' failed
make[1]: *** [cmTC_260d6] Error 1
make[1]: Leaving directory '/home/ubuntu/Downloads/opencv_qr/CMakeFiles/CMakeTmp'
Makefile:126: recipe for target 'cmTC_260d6/fast' failed
make: *** [cmTC_260d6/fast] Error 2


